#! /usr/bin/vvp
:ivl_version "10.1 (stable)";
:ivl_delay_selection "TYPICAL";
:vpi_time_precision - 12;
:vpi_module "system";
:vpi_module "vhdl_sys";
:vpi_module "v2005_math";
:vpi_module "va_math";
S_0x562fda30fa60 .scope module, "bancoPruebas" "bancoPruebas" 2 24;
 .timescale -9 -12;
v0x562fda3312b0_0 .net "clk", 0 0, v0x562fda3052a0_0;  1 drivers
v0x562fda331400_0 .net "in0", 8 0, v0x562fda30b6f0_0;  1 drivers
v0x562fda3314c0_0 .net "in1", 8 0, v0x562fda30be60_0;  1 drivers
v0x562fda331560_0 .net "in2", 8 0, v0x562fda30c4d0_0;  1 drivers
v0x562fda331620_0 .net "in3", 8 0, v0x562fda30cb60_0;  1 drivers
v0x562fda3316e0_0 .net "out0", 8 0, v0x562fda330e90_0;  1 drivers
v0x562fda3317a0_0 .net "out1", 8 0, v0x562fda330f50_0;  1 drivers
v0x562fda3318b0_0 .net "reset", 0 0, v0x562fda32f5f0_0;  1 drivers
S_0x562fda30fbe0 .scope module, "Tb" "tester" 2 52, 3 22 0, S_0x562fda30fa60;
 .timescale -9 -12;
    .port_info 0 /OUTPUT 9 "in0"
    .port_info 1 /OUTPUT 9 "in1"
    .port_info 2 /OUTPUT 9 "in2"
    .port_info 3 /OUTPUT 9 "in3"
    .port_info 4 /OUTPUT 1 "reset"
    .port_info 5 /OUTPUT 1 "clk"
    .port_info 6 /INPUT 9 "out0"
    .port_info 7 /INPUT 9 "out1"
v0x562fda3052a0_0 .var "clk", 0 0;
v0x562fda306910_0 .var "count0", 3 0;
v0x562fda30b2b0_0 .var "count1", 3 0;
v0x562fda30b6f0_0 .var "in0", 8 0;
v0x562fda30be60_0 .var "in1", 8 0;
v0x562fda30c4d0_0 .var "in2", 8 0;
v0x562fda30cb60_0 .var "in3", 8 0;
v0x562fda32f430_0 .net "out0", 8 0, v0x562fda330e90_0;  alias, 1 drivers
v0x562fda32f510_0 .net "out1", 8 0, v0x562fda330f50_0;  alias, 1 drivers
v0x562fda32f5f0_0 .var "reset", 0 0;
E_0x562fda2fe100 .event posedge, v0x562fda32f510_0;
E_0x562fda2fe6d0 .event posedge, v0x562fda32f430_0;
E_0x562fda2fe9c0 .event posedge, v0x562fda3052a0_0;
S_0x562fda32f7b0 .scope module, "mux_behav" "mux4x2_behav" 2 39, 4 22 0, S_0x562fda30fa60;
 .timescale -9 -12;
    .port_info 0 /INPUT 1 "clk"
    .port_info 1 /INPUT 9 "in0"
    .port_info 2 /INPUT 9 "in1"
    .port_info 3 /INPUT 9 "in2"
    .port_info 4 /INPUT 9 "in3"
    .port_info 5 /INPUT 1 "reset"
    .port_info 6 /OUTPUT 9 "out0"
    .port_info 7 /OUTPUT 9 "out1"
v0x562fda330960_0 .net "clk", 0 0, v0x562fda3052a0_0;  alias, 1 drivers
v0x562fda330a20_0 .net "in0", 8 0, v0x562fda30b6f0_0;  alias, 1 drivers
v0x562fda330b30_0 .net "in1", 8 0, v0x562fda30be60_0;  alias, 1 drivers
v0x562fda330c20_0 .net "in2", 8 0, v0x562fda30c4d0_0;  alias, 1 drivers
v0x562fda330d30_0 .net "in3", 8 0, v0x562fda30cb60_0;  alias, 1 drivers
v0x562fda330e90_0 .var "out0", 8 0;
v0x562fda330f50_0 .var "out1", 8 0;
v0x562fda330ff0_0 .net "reset", 0 0, v0x562fda32f5f0_0;  alias, 1 drivers
v0x562fda331090_0 .net "wout0", 8 0, v0x562fda32fe80_0;  1 drivers
v0x562fda331130_0 .net "wout1", 8 0, v0x562fda330620_0;  1 drivers
E_0x562fda2fe280 .event edge, v0x562fda32fe80_0, v0x562fda330620_0;
S_0x562fda32fa90 .scope module, "mux_A" "mux2x1_behav" 4 42, 5 21 0, S_0x562fda32f7b0;
 .timescale -9 -12;
    .port_info 0 /INPUT 1 "clk"
    .port_info 1 /INPUT 9 "in0"
    .port_info 2 /INPUT 9 "in1"
    .port_info 3 /INPUT 1 "reset"
    .port_info 4 /OUTPUT 9 "out"
v0x562fda32fc80_0 .net "clk", 0 0, v0x562fda3052a0_0;  alias, 1 drivers
v0x562fda32fd40_0 .net "in0", 8 0, v0x562fda30b6f0_0;  alias, 1 drivers
v0x562fda32fde0_0 .net "in1", 8 0, v0x562fda30be60_0;  alias, 1 drivers
v0x562fda32fe80_0 .var "out", 8 0;
v0x562fda32ff20_0 .net "reset", 0 0, v0x562fda32f5f0_0;  alias, 1 drivers
v0x562fda330010_0 .var "selector", 0 0;
S_0x562fda330180 .scope module, "mux_B" "mux2x1_behav" 4 49, 5 21 0, S_0x562fda32f7b0;
 .timescale -9 -12;
    .port_info 0 /INPUT 1 "clk"
    .port_info 1 /INPUT 9 "in0"
    .port_info 2 /INPUT 9 "in1"
    .port_info 3 /INPUT 1 "reset"
    .port_info 4 /OUTPUT 9 "out"
v0x562fda330370_0 .net "clk", 0 0, v0x562fda3052a0_0;  alias, 1 drivers
v0x562fda330460_0 .net "in0", 8 0, v0x562fda30c4d0_0;  alias, 1 drivers
v0x562fda330520_0 .net "in1", 8 0, v0x562fda30cb60_0;  alias, 1 drivers
v0x562fda330620_0 .var "out", 8 0;
v0x562fda3306c0_0 .net "reset", 0 0, v0x562fda32f5f0_0;  alias, 1 drivers
v0x562fda330800_0 .var "selector", 0 0;
    .scope S_0x562fda32fa90;
T_0 ;
    %wait E_0x562fda2fe9c0;
    %load/vec4 v0x562fda32ff20_0;
    %inv;
    %flag_set/vec4 8;
    %jmp/0xz  T_0.0, 8;
    %pushi/vec4 0, 0, 1;
    %assign/vec4 v0x562fda330010_0, 0;
    %jmp T_0.1;
T_0.0 ;
    %load/vec4 v0x562fda330010_0;
    %inv;
    %assign/vec4 v0x562fda330010_0, 0;
T_0.1 ;
    %jmp T_0;
    .thread T_0;
    .scope S_0x562fda32fa90;
T_1 ;
    %wait E_0x562fda2fe9c0;
    %load/vec4 v0x562fda32ff20_0;
    %inv;
    %flag_set/vec4 8;
    %jmp/0xz  T_1.0, 8;
    %pushi/vec4 0, 0, 9;
    %assign/vec4 v0x562fda32fe80_0, 0;
    %jmp T_1.1;
T_1.0 ;
    %load/vec4 v0x562fda330010_0;
    %flag_set/vec4 8;
    %jmp/0xz  T_1.2, 8;
    %load/vec4 v0x562fda32fde0_0;
    %parti/s 1, 0, 2;
    %flag_set/vec4 8;
    %jmp/0xz  T_1.4, 8;
    %load/vec4 v0x562fda32fde0_0;
    %assign/vec4 v0x562fda32fe80_0, 0;
    %jmp T_1.5;
T_1.4 ;
    %load/vec4 v0x562fda32fe80_0;
    %parti/s 8, 1, 2;
    %load/vec4 v0x562fda32fde0_0;
    %parti/s 1, 0, 2;
    %concat/vec4; draw_concat_vec4
    %assign/vec4 v0x562fda32fe80_0, 0;
T_1.5 ;
    %jmp T_1.3;
T_1.2 ;
    %load/vec4 v0x562fda32fd40_0;
    %parti/s 1, 0, 2;
    %flag_set/vec4 8;
    %jmp/0xz  T_1.6, 8;
    %load/vec4 v0x562fda32fd40_0;
    %assign/vec4 v0x562fda32fe80_0, 0;
    %jmp T_1.7;
T_1.6 ;
    %load/vec4 v0x562fda32fe80_0;
    %parti/s 8, 1, 2;
    %load/vec4 v0x562fda32fd40_0;
    %parti/s 1, 0, 2;
    %concat/vec4; draw_concat_vec4
    %assign/vec4 v0x562fda32fe80_0, 0;
T_1.7 ;
T_1.3 ;
T_1.1 ;
    %jmp T_1;
    .thread T_1;
    .scope S_0x562fda330180;
T_2 ;
    %wait E_0x562fda2fe9c0;
    %load/vec4 v0x562fda3306c0_0;
    %inv;
    %flag_set/vec4 8;
    %jmp/0xz  T_2.0, 8;
    %pushi/vec4 0, 0, 1;
    %assign/vec4 v0x562fda330800_0, 0;
    %jmp T_2.1;
T_2.0 ;
    %load/vec4 v0x562fda330800_0;
    %inv;
    %assign/vec4 v0x562fda330800_0, 0;
T_2.1 ;
    %jmp T_2;
    .thread T_2;
    .scope S_0x562fda330180;
T_3 ;
    %wait E_0x562fda2fe9c0;
    %load/vec4 v0x562fda3306c0_0;
    %inv;
    %flag_set/vec4 8;
    %jmp/0xz  T_3.0, 8;
    %pushi/vec4 0, 0, 9;
    %assign/vec4 v0x562fda330620_0, 0;
    %jmp T_3.1;
T_3.0 ;
    %load/vec4 v0x562fda330800_0;
    %flag_set/vec4 8;
    %jmp/0xz  T_3.2, 8;
    %load/vec4 v0x562fda330520_0;
    %parti/s 1, 0, 2;
    %flag_set/vec4 8;
    %jmp/0xz  T_3.4, 8;
    %load/vec4 v0x562fda330520_0;
    %assign/vec4 v0x562fda330620_0, 0;
    %jmp T_3.5;
T_3.4 ;
    %load/vec4 v0x562fda330620_0;
    %parti/s 8, 1, 2;
    %load/vec4 v0x562fda330520_0;
    %parti/s 1, 0, 2;
    %concat/vec4; draw_concat_vec4
    %assign/vec4 v0x562fda330620_0, 0;
T_3.5 ;
    %jmp T_3.3;
T_3.2 ;
    %load/vec4 v0x562fda330460_0;
    %parti/s 1, 0, 2;
    %flag_set/vec4 8;
    %jmp/0xz  T_3.6, 8;
    %load/vec4 v0x562fda330460_0;
    %assign/vec4 v0x562fda330620_0, 0;
    %jmp T_3.7;
T_3.6 ;
    %load/vec4 v0x562fda330620_0;
    %parti/s 8, 1, 2;
    %load/vec4 v0x562fda330460_0;
    %parti/s 1, 0, 2;
    %concat/vec4; draw_concat_vec4
    %assign/vec4 v0x562fda330620_0, 0;
T_3.7 ;
T_3.3 ;
T_3.1 ;
    %jmp T_3;
    .thread T_3;
    .scope S_0x562fda32f7b0;
T_4 ;
    %wait E_0x562fda2fe280;
    %load/vec4 v0x562fda331090_0;
    %assign/vec4 v0x562fda330e90_0, 0;
    %load/vec4 v0x562fda331130_0;
    %assign/vec4 v0x562fda330f50_0, 0;
    %jmp T_4;
    .thread T_4, $push;
    .scope S_0x562fda30fbe0;
T_5 ;
    %vpi_call 3 39 "$dumpfile", "muxy.vcd" {0 0 0};
    %vpi_call 3 40 "$dumpvars" {0 0 0};
    %vpi_call 3 41 "$display", "clk,\011in0,\011in1,\011in2,\011in3,\011out0,\011out1,\011count0,\011count1,\011reset" {0 0 0};
    %vpi_call 3 42 "$monitor", $time, "%b\011\011%b\011\011%b\011%b\011%b\011%b\011%b\011%b\011%b\011%b", v0x562fda3052a0_0, v0x562fda30b6f0_0, v0x562fda30be60_0, v0x562fda30c4d0_0, v0x562fda30cb60_0, v0x562fda32f430_0, v0x562fda32f510_0, v0x562fda306910_0, v0x562fda30b2b0_0, v0x562fda32f5f0_0 {0 0 0};
    %pushi/vec4 2, 0, 32;
T_5.0 %dup/vec4;
    %pushi/vec4 0, 0, 32;
    %cmp/s;
    %jmp/1xz T_5.1, 5;
    %jmp/1 T_5.1, 4;
    %pushi/vec4 1, 0, 32;
    %sub;
    %wait E_0x562fda2fe9c0;
    %pushi/vec4 510, 0, 9;
    %assign/vec4 v0x562fda30b6f0_0, 0;
    %pushi/vec4 1, 0, 1;
    %store/vec4 v0x562fda32f5f0_0, 0, 1;
    %wait E_0x562fda2fe9c0;
    %load/vec4 v0x562fda30be60_0;
    %subi 1, 0, 9;
    %assign/vec4 v0x562fda30be60_0, 0;
    %pushi/vec4 84, 0, 9;
    %assign/vec4 v0x562fda30b6f0_0, 0;
    %pushi/vec4 84, 0, 9;
    %assign/vec4 v0x562fda30c4d0_0, 0;
    %pushi/vec4 16, 0, 9;
    %assign/vec4 v0x562fda30cb60_0, 0;
    %wait E_0x562fda2fe9c0;
    %pushi/vec4 129, 0, 9;
    %assign/vec4 v0x562fda30b6f0_0, 0;
    %pushi/vec4 65, 0, 9;
    %assign/vec4 v0x562fda30be60_0, 0;
    %pushi/vec4 33, 0, 9;
    %assign/vec4 v0x562fda30c4d0_0, 0;
    %pushi/vec4 17, 0, 9;
    %assign/vec4 v0x562fda30cb60_0, 0;
    %wait E_0x562fda2fe9c0;
    %pushi/vec4 129, 0, 9;
    %assign/vec4 v0x562fda30b6f0_0, 0;
    %pushi/vec4 65, 0, 9;
    %assign/vec4 v0x562fda30be60_0, 0;
    %pushi/vec4 33, 0, 9;
    %assign/vec4 v0x562fda30c4d0_0, 0;
    %pushi/vec4 17, 0, 9;
    %assign/vec4 v0x562fda30cb60_0, 0;
    %wait E_0x562fda2fe9c0;
    %pushi/vec4 129, 0, 9;
    %assign/vec4 v0x562fda30b6f0_0, 0;
    %pushi/vec4 65, 0, 9;
    %assign/vec4 v0x562fda30be60_0, 0;
    %pushi/vec4 33, 0, 9;
    %assign/vec4 v0x562fda30c4d0_0, 0;
    %pushi/vec4 17, 0, 9;
    %assign/vec4 v0x562fda30cb60_0, 0;
    %wait E_0x562fda2fe9c0;
    %pushi/vec4 129, 0, 9;
    %assign/vec4 v0x562fda30b6f0_0, 0;
    %pushi/vec4 65, 0, 9;
    %assign/vec4 v0x562fda30be60_0, 0;
    %pushi/vec4 33, 0, 9;
    %assign/vec4 v0x562fda30c4d0_0, 0;
    %pushi/vec4 17, 0, 9;
    %assign/vec4 v0x562fda30cb60_0, 0;
    %jmp T_5.0;
T_5.1 ;
    %pop/vec4 1;
    %vpi_call 3 86 "$finish" {0 0 0};
    %end;
    .thread T_5;
    .scope S_0x562fda30fbe0;
T_6 ;
    %pushi/vec4 255, 0, 9;
    %assign/vec4 v0x562fda30b6f0_0, 0;
    %end;
    .thread T_6;
    .scope S_0x562fda30fbe0;
T_7 ;
    %pushi/vec4 1, 0, 9;
    %assign/vec4 v0x562fda30be60_0, 0;
    %end;
    .thread T_7;
    .scope S_0x562fda30fbe0;
T_8 ;
    %pushi/vec4 171, 0, 9;
    %assign/vec4 v0x562fda30c4d0_0, 0;
    %end;
    .thread T_8;
    .scope S_0x562fda30fbe0;
T_9 ;
    %pushi/vec4 1, 0, 9;
    %assign/vec4 v0x562fda30cb60_0, 0;
    %end;
    .thread T_9;
    .scope S_0x562fda30fbe0;
T_10 ;
    %delay 2000, 0;
    %pushi/vec4 0, 0, 1;
    %assign/vec4 v0x562fda32f5f0_0, 0;
    %end;
    .thread T_10;
    .scope S_0x562fda30fbe0;
T_11 ;
    %pushi/vec4 0, 0, 1;
    %assign/vec4 v0x562fda3052a0_0, 0;
    %end;
    .thread T_11;
    .scope S_0x562fda30fbe0;
T_12 ;
    %delay 10000, 0;
    %load/vec4 v0x562fda3052a0_0;
    %inv;
    %assign/vec4 v0x562fda3052a0_0, 0;
    %jmp T_12;
    .thread T_12;
    .scope S_0x562fda30fbe0;
T_13 ;
    %pushi/vec4 0, 0, 4;
    %assign/vec4 v0x562fda306910_0, 0;
    %end;
    .thread T_13;
    .scope S_0x562fda30fbe0;
T_14 ;
    %wait E_0x562fda2fe6d0;
    %load/vec4 v0x562fda306910_0;
    %addi 1, 0, 4;
    %assign/vec4 v0x562fda306910_0, 0;
    %jmp T_14;
    .thread T_14;
    .scope S_0x562fda30fbe0;
T_15 ;
    %pushi/vec4 0, 0, 4;
    %assign/vec4 v0x562fda30b2b0_0, 0;
    %end;
    .thread T_15;
    .scope S_0x562fda30fbe0;
T_16 ;
    %wait E_0x562fda2fe100;
    %load/vec4 v0x562fda30b2b0_0;
    %addi 1, 0, 4;
    %assign/vec4 v0x562fda30b2b0_0, 0;
    %jmp T_16;
    .thread T_16;
# The file index is used to find the file name in the following table.
:file_names 6;
    "N/A";
    "<interactive>";
    "tb.v";
    "./tester.v";
    "./mux4x2_behav.v";
    "./mux2x1_behav.v";
